This is pdfTeX, Version 3.14159265-2.6-1.40.19 (TeX Live 2018) (preloaded format=pdflatex 2018.5.18)  18 JUN 2018 20:59
entering extended mode
 restricted \write18 enabled.
 %&-line parsing enabled.
**Motivation.tex
(./Motivation.tex
LaTeX2e <2018-04-01> patch level 2
Babel <3.18> and hyphenation patterns for 84 language(s) loaded.
(/usr/local/texlive/2018/texmf-dist/tex/latex/koma-script/scrreprt.cls
Document Class: scrreprt 2018/03/30 v3.25 KOMA-Script document class (report)
(/usr/local/texlive/2018/texmf-dist/tex/latex/koma-script/scrkbase.sty
Package: scrkbase 2018/03/30 v3.25 KOMA-Script package (KOMA-Script-dependent b
asics and keyval usage)

(/usr/local/texlive/2018/texmf-dist/tex/latex/koma-script/scrbase.sty
Package: scrbase 2018/03/30 v3.25 KOMA-Script package (KOMA-Script-independent 
basics and keyval usage)

(/usr/local/texlive/2018/texmf-dist/tex/latex/graphics/keyval.sty
Package: keyval 2014/10/28 v1.15 key=value parser (DPC)
\KV@toks@=\toks14
)
(/usr/local/texlive/2018/texmf-dist/tex/latex/koma-script/scrlfile.sty
Package: scrlfile 2018/03/30 v3.25 KOMA-Script package (loading files)
)))
(/usr/local/texlive/2018/texmf-dist/tex/latex/koma-script/tocbasic.sty
Package: tocbasic 2018/03/30 v3.25 KOMA-Script package (handling toc-files)
\scr@dte@tocline@numberwidth=\skip41
\scr@dte@tocline@numbox=\box26
)
Package tocbasic Info: omitting babel extension for `toc'
(tocbasic)             because of feature `nobabel' available
(tocbasic)             for `toc' on input line 136.
Package tocbasic Info: defining new hook before heading of `' on input line 166
7.
Package scrreprt Info: You've used standard option `12pt'.
(scrreprt)             This is correct!
(scrreprt)             Internally I'm using `fontsize=12pt'.
(scrreprt)             If you'd like to set the option with \KOMAoptions,
(scrreprt)             you'd have to use `fontsize=12pt' there
(scrreprt)             instead of `12pt', too.
Class scrreprt Info: File `scrsize12pt.clo' used to setup font sizes on input l
ine 2328.

(/usr/local/texlive/2018/texmf-dist/tex/latex/koma-script/scrsize12pt.clo
File: scrsize12pt.clo 2018/03/30 v3.25 KOMA-Script font size class option (12pt
)
)
(/usr/local/texlive/2018/texmf-dist/tex/latex/koma-script/typearea.sty
Package: typearea 2018/03/30 v3.25 KOMA-Script package (type area)
\ta@bcor=\skip42
\ta@div=\count80
Package typearea Info: You've used standard option `a4paper'.
(typearea)             This is correct!
(typearea)             Internally I'm using `paper=a4'.
(typearea)             If you'd like to set the option with \KOMAoptions,
(typearea)             you'd have to use `paper=a4' there
(typearea)             instead of `a4paper', too.
\ta@hblk=\skip43
\ta@vblk=\skip44
\ta@temp=\skip45
\footheight=\skip46
Package typearea Info: These are the values describing the layout:
(typearea)             DIV  = 12
(typearea)             BCOR = 0.0pt
(typearea)             \paperwidth      = 597.50793pt
(typearea)              \textwidth      = 448.13095pt
(typearea)              DIV departure   = -6%
(typearea)              \evensidemargin = 2.4185pt
(typearea)              \oddsidemargin  = 2.4185pt
(typearea)             \paperheight     = 845.04694pt
(typearea)              \textheight     = 635.5pt
(typearea)              \topmargin      = -41.72441pt
(typearea)              \headheight     = 18.125pt
(typearea)              \headsep        = 21.75pt
(typearea)              \topskip        = 12.0pt
(typearea)              \footskip       = 50.75pt
(typearea)              \baselineskip   = 14.5pt
(typearea)              on input line 1706.
)
\c@part=\count81
\c@chapter=\count82
\c@section=\count83
\c@subsection=\count84
\c@subsubsection=\count85
\c@paragraph=\count86
\c@subparagraph=\count87
\scr@dte@part@maxnumwidth=\skip47
\scr@dte@chapter@maxnumwidth=\skip48
\scr@dte@section@maxnumwidth=\skip49
\scr@dte@subsection@maxnumwidth=\skip50
\scr@dte@subsubsection@maxnumwidth=\skip51
\scr@dte@paragraph@maxnumwidth=\skip52
\scr@dte@subparagraph@maxnumwidth=\skip53
\abovecaptionskip=\skip54
\belowcaptionskip=\skip55
\c@pti@nb@sid@b@x=\box27
\scr@dte@figure@maxnumwidth=\skip56
Package tocbasic Info: omitting babel extension for `lof'
(tocbasic)             because of feature `nobabel' available
(tocbasic)             for `lof' on input line 6247.
\c@figure=\count88
\scr@dte@table@maxnumwidth=\skip57
Package tocbasic Info: omitting babel extension for `lot'
(tocbasic)             because of feature `nobabel' available
(tocbasic)             for `lot' on input line 6264.
\c@table=\count89
Class scrreprt Info: Redefining `\numberline' on input line 6433.
\bibindent=\dimen102
)
(/usr/local/texlive/2018/texmf-dist/tex/latex/base/inputenc.sty
Package: inputenc 2018/04/06 v1.3b Input encoding file
\inpenc@prehook=\toks15
\inpenc@posthook=\toks16
)
(/usr/local/texlive/2018/texmf-dist/tex/generic/babel/babel.sty
Package: babel 2018/02/14 3.18 The Babel package

(/usr/local/texlive/2018/texmf-dist/tex/generic/babel/switch.def
File: switch.def 2018/02/14 3.18 Babel switching mechanism
)
(/usr/local/texlive/2018/texmf-dist/tex/generic/babel-german/german.ldf
Language: german 2018/03/29 v2.10 German support for babel (pre-1996 orthograph
y)

(/usr/local/texlive/2018/texmf-dist/tex/generic/babel-german/germanb.ldf
Language: germanb 2018/03/29 v2.10 German support for babel (pre-1996 orthograp
hy)

(/usr/local/texlive/2018/texmf-dist/tex/generic/babel/babel.def
File: babel.def 2018/02/14 3.18 Babel common definitions
\babel@savecnt=\count90
\U@D=\dimen103

(/usr/local/texlive/2018/texmf-dist/tex/generic/babel/txtbabel.def)
\bbl@dirlevel=\count91
)
Package babel Info: Making " an active character on input line 135.
)))
(/usr/local/texlive/2018/texmf-dist/tex/latex/base/fontenc.sty
Package: fontenc 2017/04/05 v2.0i Standard LaTeX package

(/usr/local/texlive/2018/texmf-dist/tex/latex/base/t1enc.def
File: t1enc.def 2017/04/05 v2.0i Standard LaTeX file
LaTeX Font Info:    Redeclaring font encoding T1 on input line 48.
))
(/usr/local/texlive/2018/texmf-dist/tex/latex/amsfonts/amssymb.sty
Package: amssymb 2013/01/14 v3.01 AMS font symbols

(/usr/local/texlive/2018/texmf-dist/tex/latex/amsfonts/amsfonts.sty
Package: amsfonts 2013/01/14 v3.01 Basic AMSFonts support
\@emptytoks=\toks17
\symAMSa=\mathgroup4
\symAMSb=\mathgroup5
LaTeX Font Info:    Overwriting math alphabet `\mathfrak' in version `bold'
(Font)                  U/euf/m/n --> U/euf/b/n on input line 106.
))
(/usr/local/texlive/2018/texmf-dist/tex/latex/graphics/graphicx.sty
Package: graphicx 2017/06/01 v1.1a Enhanced LaTeX Graphics (DPC,SPQR)

(/usr/local/texlive/2018/texmf-dist/tex/latex/graphics/graphics.sty
Package: graphics 2017/06/25 v1.2c Standard LaTeX Graphics (DPC,SPQR)

(/usr/local/texlive/2018/texmf-dist/tex/latex/graphics/trig.sty
Package: trig 2016/01/03 v1.10 sin cos tan (DPC)
)
(/usr/local/texlive/2018/texmf-dist/tex/latex/graphics-cfg/graphics.cfg
File: graphics.cfg 2016/06/04 v1.11 sample graphics configuration
)
Package graphics Info: Driver file: pdftex.def on input line 99.

(/usr/local/texlive/2018/texmf-dist/tex/latex/graphics-def/pdftex.def
File: pdftex.def 2018/01/08 v1.0l Graphics/color driver for pdftex
))
\Gin@req@height=\dimen104
\Gin@req@width=\dimen105
)
(/usr/local/texlive/2018/texmf-dist/tex/latex/enumitem/enumitem.sty
Package: enumitem 2011/09/28 v3.5.2 Customized lists
\labelindent=\skip58
\enit@outerparindent=\dimen106
\enit@toks=\toks18
\enit@inbox=\box28
\enitdp@description=\count92
)
(/usr/local/texlive/2018/texmf-dist/tex/latex/setspace/setspace.sty
Package: setspace 2011/12/19 v6.7a set line spacing
)
(/usr/local/texlive/2018/texmf-dist/tex/latex/hyperref/hyperref.sty
Package: hyperref 2018/02/06 v6.86b Hypertext links for LaTeX

(/usr/local/texlive/2018/texmf-dist/tex/generic/oberdiek/hobsub-hyperref.sty
Package: hobsub-hyperref 2016/05/16 v1.14 Bundle oberdiek, subset hyperref (HO)


(/usr/local/texlive/2018/texmf-dist/tex/generic/oberdiek/hobsub-generic.sty
Package: hobsub-generic 2016/05/16 v1.14 Bundle oberdiek, subset generic (HO)
Package: hobsub 2016/05/16 v1.14 Construct package bundles (HO)
Package: infwarerr 2016/05/16 v1.4 Providing info/warning/error messages (HO)
Package: ltxcmds 2016/05/16 v1.23 LaTeX kernel commands for general use (HO)
Package: ifluatex 2016/05/16 v1.4 Provides the ifluatex switch (HO)
Package ifluatex Info: LuaTeX not detected.
Package: ifvtex 2016/05/16 v1.6 Detect VTeX and its facilities (HO)
Package ifvtex Info: VTeX not detected.
Package: intcalc 2016/05/16 v1.2 Expandable calculations with integers (HO)
Package: ifpdf 2017/03/15 v3.2 Provides the ifpdf switch
Package: etexcmds 2016/05/16 v1.6 Avoid name clashes with e-TeX commands (HO)
Package etexcmds Info: Could not find \expanded.
(etexcmds)             That can mean that you are not using pdfTeX 1.50 or
(etexcmds)             that some package has redefined \expanded.
(etexcmds)             In the latter case, load this package earlier.
Package: kvsetkeys 2016/05/16 v1.17 Key value parser (HO)
Package: kvdefinekeys 2016/05/16 v1.4 Define keys (HO)
Package: pdftexcmds 2018/01/30 v0.27 Utility functions of pdfTeX for LuaTeX (HO
)
Package pdftexcmds Info: LuaTeX not detected.
Package pdftexcmds Info: \pdf@primitive is available.
Package pdftexcmds Info: \pdf@ifprimitive is available.
Package pdftexcmds Info: \pdfdraftmode found.
Package: pdfescape 2016/05/16 v1.14 Implements pdfTeX's escape features (HO)
Package: bigintcalc 2016/05/16 v1.4 Expandable calculations on big integers (HO
)
Package: bitset 2016/05/16 v1.2 Handle bit-vector datatype (HO)
Package: uniquecounter 2016/05/16 v1.3 Provide unlimited unique counter (HO)
)
Package hobsub Info: Skipping package `hobsub' (already loaded).
Package: letltxmacro 2016/05/16 v1.5 Let assignment for LaTeX macros (HO)
Package: hopatch 2016/05/16 v1.3 Wrapper for package hooks (HO)
Package: xcolor-patch 2016/05/16 xcolor patch
Package: atveryend 2016/05/16 v1.9 Hooks at the very end of document (HO)
Package atveryend Info: \enddocument detected (standard20110627).
Package: atbegshi 2016/06/09 v1.18 At begin shipout hook (HO)
Package: refcount 2016/05/16 v3.5 Data extraction from label references (HO)
Package: hycolor 2016/05/16 v1.8 Color options for hyperref/bookmark (HO)
)
(/usr/local/texlive/2018/texmf-dist/tex/generic/ifxetex/ifxetex.sty
Package: ifxetex 2010/09/12 v0.6 Provides ifxetex conditional
)
(/usr/local/texlive/2018/texmf-dist/tex/latex/oberdiek/auxhook.sty
Package: auxhook 2016/05/16 v1.4 Hooks for auxiliary files (HO)
)
(/usr/local/texlive/2018/texmf-dist/tex/latex/oberdiek/kvoptions.sty
Package: kvoptions 2016/05/16 v3.12 Key value format for package options (HO)
)
\@linkdim=\dimen107
\Hy@linkcounter=\count93
\Hy@pagecounter=\count94

(/usr/local/texlive/2018/texmf-dist/tex/latex/hyperref/pd1enc.def
File: pd1enc.def 2018/02/06 v6.86b Hyperref: PDFDocEncoding definition (HO)
Now handling font encoding PD1 ...
... no UTF-8 mapping file for font encoding PD1
)
\Hy@SavedSpaceFactor=\count95

(/usr/local/texlive/2018/texmf-dist/tex/latex/latexconfig/hyperref.cfg
File: hyperref.cfg 2002/06/06 v1.2 hyperref configuration of TeXLive
)
Package hyperref Info: Hyper figures OFF on input line 4509.
Package hyperref Info: Link nesting OFF on input line 4514.
Package hyperref Info: Hyper index ON on input line 4517.
Package hyperref Info: Plain pages OFF on input line 4524.
Package hyperref Info: Backreferencing OFF on input line 4529.
Package hyperref Info: Implicit mode ON; LaTeX internals redefined.
Package hyperref Info: Bookmarks ON on input line 4762.
\c@Hy@tempcnt=\count96

(/usr/local/texlive/2018/texmf-dist/tex/latex/url/url.sty
\Urlmuskip=\muskip10
Package: url 2013/09/16  ver 3.4  Verb mode for urls, etc.
)
LaTeX Info: Redefining \url on input line 5115.
\XeTeXLinkMargin=\dimen108
\Fld@menulength=\count97
\Field@Width=\dimen109
\Fld@charsize=\dimen110
Package hyperref Info: Hyper figures OFF on input line 6369.
Package hyperref Info: Link nesting OFF on input line 6374.
Package hyperref Info: Hyper index ON on input line 6377.
Package hyperref Info: backreferencing OFF on input line 6384.
Package hyperref Info: Link coloring OFF on input line 6389.
Package hyperref Info: Link coloring with OCG OFF on input line 6394.
Package hyperref Info: PDF/A mode OFF on input line 6399.
LaTeX Info: Redefining \ref on input line 6439.
LaTeX Info: Redefining \pageref on input line 6443.
\Hy@abspage=\count98
\c@Item=\count99
\c@Hfootnote=\count100
)
Package hyperref Info: Driver (autodetected): hpdftex.

(/usr/local/texlive/2018/texmf-dist/tex/latex/hyperref/hpdftex.def
File: hpdftex.def 2018/02/06 v6.86b Hyperref driver for pdfTeX
\Fld@listcount=\count101
\c@bookmark@seq@number=\count102

(/usr/local/texlive/2018/texmf-dist/tex/latex/oberdiek/rerunfilecheck.sty
Package: rerunfilecheck 2016/05/16 v1.8 Rerun checks for auxiliary files (HO)
Package uniquecounter Info: New unique counter `rerunfilecheck' on input line 2
82.
)
\Hy@SectionHShift=\skip59
)
(/usr/local/texlive/2018/texmf-dist/tex/latex/acronym/acronym.sty
Package: acronym 2015/03/21 v1.41 Support for acronyms (Tobias Oetiker)

(/usr/local/texlive/2018/texmf-dist/tex/latex/bigfoot/suffix.sty
Package: suffix 2006/07/15 1.5a Variant command support
)
(/usr/local/texlive/2018/texmf-dist/tex/generic/xstring/xstring.sty
(/usr/local/texlive/2018/texmf-dist/tex/generic/xstring/xstring.tex
\@xs@message=\write3
\integerpart=\count103
\decimalpart=\count104
)
Package: xstring 2013/10/13  v1.7c  String manipulations (C Tellechea)
)
\AC@clearlist=\toks19
)

Class scrreprt Warning: Usage of package `fancyhdr' together
(scrreprt)              with a KOMA-Script class is not recommended.
(scrreprt)              I'd suggest to use 
(scrreprt)              package `scrlayer' or `scrlayer-scrpage', because
(scrreprt)              they support KOMA-Script classes.
(scrreprt)              With `fancyhdr' several features of class `scrreprt'
(scrreprt)              like options `headsepline', `footsepline' or command
(scrreprt)              `\MakeMarkcase' and the commands `\setkomafont' and
(scrreprt)              `\addtokomafont' for the page style elements need
(scrreprt)              explicite user intervention to work.
(scrreprt)              Nevertheless, using requested
(scrreprt)              package `fancyhdr' on input line 31.

(/usr/local/texlive/2018/texmf-dist/tex/latex/fancyhdr/fancyhdr.sty
Package: fancyhdr 2017/06/30 v3.9a Extensive control of page headers and footer
s
\f@nch@headwidth=\skip60
\f@nch@O@elh=\skip61
\f@nch@O@erh=\skip62
\f@nch@O@olh=\skip63
\f@nch@O@orh=\skip64
\f@nch@O@elf=\skip65
\f@nch@O@erf=\skip66
\f@nch@O@olf=\skip67
\f@nch@O@orf=\skip68
)
(/usr/local/texlive/2018/texmf-dist/tex/latex/geometry/geometry.sty
Package: geometry 2018/03/24 v5.7 Page Geometry
\Gm@cnth=\count105
\Gm@cntv=\count106
\c@Gm@tempcnt=\count107
\Gm@bindingoffset=\dimen111
\Gm@wd@mp=\dimen112
\Gm@odd@mp=\dimen113
\Gm@even@mp=\dimen114
\Gm@layoutwidth=\dimen115
\Gm@layoutheight=\dimen116
\Gm@layouthoffset=\dimen117
\Gm@layoutvoffset=\dimen118
\Gm@dimlist=\toks20
)
(./Motivation.aux)
\openout1 = `Motivation.aux'.

LaTeX Font Info:    Checking defaults for OML/cmm/m/it on input line 49.
LaTeX Font Info:    ... okay on input line 49.
LaTeX Font Info:    Checking defaults for T1/cmr/m/n on input line 49.
LaTeX Font Info:    ... okay on input line 49.
LaTeX Font Info:    Checking defaults for OT1/cmr/m/n on input line 49.
LaTeX Font Info:    ... okay on input line 49.
LaTeX Font Info:    Checking defaults for OMS/cmsy/m/n on input line 49.
LaTeX Font Info:    ... okay on input line 49.
LaTeX Font Info:    Checking defaults for OMX/cmex/m/n on input line 49.
LaTeX Font Info:    ... okay on input line 49.
LaTeX Font Info:    Checking defaults for U/cmr/m/n on input line 49.
LaTeX Font Info:    ... okay on input line 49.
LaTeX Font Info:    Checking defaults for PD1/pdf/m/n on input line 49.
LaTeX Font Info:    ... okay on input line 49.

(/usr/local/texlive/2018/texmf-dist/tex/context/base/mkii/supp-pdf.mkii
[Loading MPS to PDF converter (version 2006.09.02).]
\scratchcounter=\count108
\scratchdimen=\dimen119
\scratchbox=\box29
\nofMPsegments=\count109
\nofMParguments=\count110
\everyMPshowfont=\toks21
\MPscratchCnt=\count111
\MPscratchDim=\dimen120
\MPnumerator=\count112
\makeMPintoPDFobject=\count113
\everyMPtoPDFconversion=\toks22
) (/usr/local/texlive/2018/texmf-dist/tex/latex/oberdiek/epstopdf-base.sty
Package: epstopdf-base 2016/05/15 v2.6 Base part for package epstopdf

(/usr/local/texlive/2018/texmf-dist/tex/latex/oberdiek/grfext.sty
Package: grfext 2016/05/16 v1.2 Manage graphics extensions (HO)
)
Package epstopdf-base Info: Redefining graphics rule for `.eps' on input line 4
38.
Package grfext Info: Graphics extension search list:
(grfext)             [.pdf,.png,.jpg,.mps,.jpeg,.jbig2,.jb2,.PDF,.PNG,.JPG,.JPE
G,.JBIG2,.JB2,.eps]
(grfext)             \AppendGraphicsExtensions on input line 456.

(/usr/local/texlive/2018/texmf-dist/tex/latex/latexconfig/epstopdf-sys.cfg
File: epstopdf-sys.cfg 2010/07/13 v1.3 Configuration of (r)epstopdf for TeX Liv
e
))
\AtBeginShipoutBox=\box30
Package hyperref Info: Link coloring OFF on input line 49.

(/usr/local/texlive/2018/texmf-dist/tex/latex/hyperref/nameref.sty
Package: nameref 2016/05/21 v2.44 Cross-referencing by name of section

(/usr/local/texlive/2018/texmf-dist/tex/generic/oberdiek/gettitlestring.sty
Package: gettitlestring 2016/05/16 v1.5 Cleanup title references (HO)
)
\c@section@level=\count114
)
LaTeX Info: Redefining \ref on input line 49.
LaTeX Info: Redefining \pageref on input line 49.
LaTeX Info: Redefining \nameref on input line 49.

(./Motivation.out) (./Motivation.out)
\@outlinefile=\write4
\openout4 = `Motivation.out'.


*geometry* driver: auto-detecting
*geometry* detected driver: pdftex
*geometry* verbose mode - [ preamble ] result:
* driver: pdftex
* paper: a4paper
* layout: <same size as paper>
* layoutoffset:(h,v)=(0.0pt,0.0pt)
* modes: 
* h-part:(L,W,R)=(56.9055pt, 483.69687pt, 56.9055pt)
* v-part:(T,H,B)=(85.35826pt, 674.33032pt, 85.35826pt)
* \paperwidth=597.50787pt
* \paperheight=845.04684pt
* \textwidth=483.69687pt
* \textheight=674.33032pt
* \oddsidemargin=-15.36449pt
* \evensidemargin=-15.36449pt
* \topmargin=-26.78673pt
* \headheight=18.125pt
* \headsep=21.75pt
* \topskip=12.0pt
* \footskip=50.75pt
* \marginparwidth=49.79233pt
* \marginparsep=12.8401pt
* \columnsep=10.0pt
* \skip\footins=10.8pt plus 4.0pt minus 2.0pt
* \hoffset=0.0pt
* \voffset=0.0pt
* \mag=1000
* \@twocolumnfalse
* \@twosidefalse
* \@mparswitchfalse
* \@reversemarginfalse
* (1in=72.27pt=25.4mm, 1cm=28.453pt)

LaTeX Font Info:    Try loading font information for T1+cmss on input line 54.
(/usr/local/texlive/2018/texmf-dist/tex/latex/base/t1cmss.fd
File: t1cmss.fd 2014/09/29 v2.5h Standard LaTeX font definitions
)
LaTeX Font Info:    Try loading font information for U+msa on input line 54.

(/usr/local/texlive/2018/texmf-dist/tex/latex/amsfonts/umsa.fd
File: umsa.fd 2013/01/14 v3.01 AMS symbols A
)
LaTeX Font Info:    Try loading font information for U+msb on input line 54.

(/usr/local/texlive/2018/texmf-dist/tex/latex/amsfonts/umsb.fd
File: umsb.fd 2013/01/14 v3.01 AMS symbols B
)
Package babel Info: Redefining german shorthand "f
(babel)             in language  on input line 54.
Package babel Info: Redefining german shorthand "|
(babel)             in language  on input line 54.
Package babel Info: Redefining german shorthand "~
(babel)             in language  on input line 54.
Package babel Info: Redefining german shorthand "f
(babel)             in language  on input line 54.
Package babel Info: Redefining german shorthand "|
(babel)             in language  on input line 54.
Package babel Info: Redefining german shorthand "~
(babel)             in language  on input line 54.
 [1



{/usr/local/texlive/2018/texmf-var/fonts/map/pdftex/updmap/pdftex.map}] (./Moti
vation.toc)
\tf@toc=\write5
\openout5 = `Motivation.toc'.

Package babel Info: Redefining german shorthand "f
(babel)             in language  on input line 56.
Package babel Info: Redefining german shorthand "|
(babel)             in language  on input line 56.
Package babel Info: Redefining german shorthand "~
(babel)             in language  on input line 56.
Package babel Info: Redefining german shorthand "f
(babel)             in language  on input line 56.
Package babel Info: Redefining german shorthand "|
(babel)             in language  on input line 56.
Package babel Info: Redefining german shorthand "~
(babel)             in language  on input line 56.

[2

]
part I.
Package babel Info: Redefining german shorthand "f
(babel)             in language  on input line 56.
Package babel Info: Redefining german shorthand "|
(babel)             in language  on input line 56.
Package babel Info: Redefining german shorthand "~
(babel)             in language  on input line 56.
Package scrkbase Info: You've told me to use the font selection of the element
(scrkbase)             `partprefix' that is an alias of element `partnumber'
(scrkbase)              on input line 56.
Package babel Info: Redefining german shorthand "f
(babel)             in language  on input line 56.
Package babel Info: Redefining german shorthand "|
(babel)             in language  on input line 56.
Package babel Info: Redefining german shorthand "~
(babel)             in language  on input line 56.
Package babel Info: Redefining german shorthand "f
(babel)             in language  on input line 56.
Package babel Info: Redefining german shorthand "|
(babel)             in language  on input line 56.
Package babel Info: Redefining german shorthand "~
(babel)             in language  on input line 56.
[3

]
chapter 1.
Package babel Info: Redefining german shorthand "f
(babel)             in language  on input line 57.
Package babel Info: Redefining german shorthand "|
(babel)             in language  on input line 57.
Package babel Info: Redefining german shorthand "~
(babel)             in language  on input line 57.
Package babel Info: Redefining german shorthand "f
(babel)             in language  on input line 62.
Package babel Info: Redefining german shorthand "|
(babel)             in language  on input line 62.
Package babel Info: Redefining german shorthand "~
(babel)             in language  on input line 62.
Package babel Info: Redefining german shorthand "f
(babel)             in language  on input line 62.
Package babel Info: Redefining german shorthand "|
(babel)             in language  on input line 62.
Package babel Info: Redefining german shorthand "~
(babel)             in language  on input line 62.
[4

]
chapter 2.
Package babel Info: Redefining german shorthand "f
(babel)             in language  on input line 62.
Package babel Info: Redefining german shorthand "|
(babel)             in language  on input line 62.
Package babel Info: Redefining german shorthand "~
(babel)             in language  on input line 62.

Overfull \hbox (2.38pt too wide) in paragraph at lines 64--69
\T1/cmr/m/n/17.28 tern un-nö-tig vie-le IT-Service-Management-Projekte (ITSM). 
"52 Pro-
 []


Overfull \hbox (8.87267pt too wide) in paragraph at lines 64--69
\T1/cmr/m/n/17.28 zent der ITSM-Projekte schei-tern auf-grund von ABC (Anm.: \T
1/cmr/bx/n/17.28 A\T1/cmr/m/n/17.28 ttitude,
 []


Underfull \hbox (badness 10000) in paragraph at lines 64--69

 []

Package babel Info: Redefining german shorthand "f
(babel)             in language  on input line 69.
Package babel Info: Redefining german shorthand "|
(babel)             in language  on input line 69.
Package babel Info: Redefining german shorthand "~
(babel)             in language  on input line 69.
Package babel Info: Redefining german shorthand "f
(babel)             in language  on input line 69.
Package babel Info: Redefining german shorthand "|
(babel)             in language  on input line 69.
Package babel Info: Redefining german shorthand "~
(babel)             in language  on input line 69.
[5

]
Package babel Info: Redefining german shorthand "f
(babel)             in language  on input line 70.
Package babel Info: Redefining german shorthand "|
(babel)             in language  on input line 70.
Package babel Info: Redefining german shorthand "~
(babel)             in language  on input line 70.
Package babel Info: Redefining german shorthand "f
(babel)             in language  on input line 70.
Package babel Info: Redefining german shorthand "|
(babel)             in language  on input line 70.
Package babel Info: Redefining german shorthand "~
(babel)             in language  on input line 70.
 [6]
part II.
Package babel Info: Redefining german shorthand "f
(babel)             in language  on input line 70.
Package babel Info: Redefining german shorthand "|
(babel)             in language  on input line 70.
Package babel Info: Redefining german shorthand "~
(babel)             in language  on input line 70.
Package scrkbase Info: You've told me to use the font selection of the element
(scrkbase)             `partprefix' that is an alias of element `partnumber'
(scrkbase)              on input line 70.
Package babel Info: Redefining german shorthand "f
(babel)             in language  on input line 70.
Package babel Info: Redefining german shorthand "|
(babel)             in language  on input line 70.
Package babel Info: Redefining german shorthand "~
(babel)             in language  on input line 70.
Package babel Info: Redefining german shorthand "f
(babel)             in language  on input line 70.
Package babel Info: Redefining german shorthand "|
(babel)             in language  on input line 70.
Package babel Info: Redefining german shorthand "~
(babel)             in language  on input line 70.
[7

]
chapter 3.
Package babel Info: Redefining german shorthand "f
(babel)             in language  on input line 72.
Package babel Info: Redefining german shorthand "|
(babel)             in language  on input line 72.
Package babel Info: Redefining german shorthand "~
(babel)             in language  on input line 72.
Package babel Info: Redefining german shorthand "f
(babel)             in language  on input line 76.
Package babel Info: Redefining german shorthand "|
(babel)             in language  on input line 76.
Package babel Info: Redefining german shorthand "~
(babel)             in language  on input line 76.
Package babel Info: Redefining german shorthand "f
(babel)             in language  on input line 79.
Package babel Info: Redefining german shorthand "|
(babel)             in language  on input line 79.
Package babel Info: Redefining german shorthand "~
(babel)             in language  on input line 79.
Package babel Info: Redefining german shorthand "f
(babel)             in language  on input line 79.
Package babel Info: Redefining german shorthand "|
(babel)             in language  on input line 79.
Package babel Info: Redefining german shorthand "~
(babel)             in language  on input line 79.
[8

]
Package babel Info: Redefining german shorthand "f
(babel)             in language  on input line 80.
Package babel Info: Redefining german shorthand "|
(babel)             in language  on input line 80.
Package babel Info: Redefining german shorthand "~
(babel)             in language  on input line 80.
Package babel Info: Redefining german shorthand "f
(babel)             in language  on input line 85.
Package babel Info: Redefining german shorthand "|
(babel)             in language  on input line 85.
Package babel Info: Redefining german shorthand "~
(babel)             in language  on input line 85.
Package babel Info: Redefining german shorthand "f
(babel)             in language  on input line 85.
Package babel Info: Redefining german shorthand "|
(babel)             in language  on input line 85.
Package babel Info: Redefining german shorthand "~
(babel)             in language  on input line 85.
 [9]
LaTeX Font Info:    Try loading font information for OMS+cmr on input line 85.
 (/usr/local/texlive/2018/texmf-dist/tex/latex/base/omscmr.fd
File: omscmr.fd 2014/09/29 v2.5h Standard LaTeX font definitions
)
LaTeX Font Info:    Font shape `OMS/cmr/m/n' in size <17.28> not available
(Font)              Font shape `OMS/cmsy/m/n' tried instead on input line 85.
Package babel Info: Redefining german shorthand "f
(babel)             in language  on input line 99.
Package babel Info: Redefining german shorthand "|
(babel)             in language  on input line 99.
Package babel Info: Redefining german shorthand "~
(babel)             in language  on input line 99.
Package babel Info: Redefining german shorthand "f
(babel)             in language  on input line 99.
Package babel Info: Redefining german shorthand "|
(babel)             in language  on input line 99.
Package babel Info: Redefining german shorthand "~
(babel)             in language  on input line 99.
 [10]
Package babel Info: Redefining german shorthand "f
(babel)             in language  on input line 100.
Package babel Info: Redefining german shorthand "|
(babel)             in language  on input line 100.
Package babel Info: Redefining german shorthand "~
(babel)             in language  on input line 100.
Package babel Info: Redefining german shorthand "f
(babel)             in language  on input line 104.
Package babel Info: Redefining german shorthand "|
(babel)             in language  on input line 104.
Package babel Info: Redefining german shorthand "~
(babel)             in language  on input line 104.
Package babel Info: Redefining german shorthand "f
(babel)             in language  on input line 104.
Package babel Info: Redefining german shorthand "|
(babel)             in language  on input line 104.
Package babel Info: Redefining german shorthand "~
(babel)             in language  on input line 104.

[11]
Package babel Info: Redefining german shorthand "f
(babel)             in language  on input line 105.
Package babel Info: Redefining german shorthand "|
(babel)             in language  on input line 105.
Package babel Info: Redefining german shorthand "~
(babel)             in language  on input line 105.
Package babel Info: Redefining german shorthand "f
(babel)             in language  on input line 108.
Package babel Info: Redefining german shorthand "|
(babel)             in language  on input line 108.
Package babel Info: Redefining german shorthand "~
(babel)             in language  on input line 108.
Package babel Info: Redefining german shorthand "f
(babel)             in language  on input line 111.
Package babel Info: Redefining german shorthand "|
(babel)             in language  on input line 111.
Package babel Info: Redefining german shorthand "~
(babel)             in language  on input line 111.
Package babel Info: Redefining german shorthand "f
(babel)             in language  on input line 111.
Package babel Info: Redefining german shorthand "|
(babel)             in language  on input line 111.
Package babel Info: Redefining german shorthand "~
(babel)             in language  on input line 111.
 [12]
Package babel Info: Redefining german shorthand "f
(babel)             in language  on input line 112.
Package babel Info: Redefining german shorthand "|
(babel)             in language  on input line 112.
Package babel Info: Redefining german shorthand "~
(babel)             in language  on input line 112.
Package babel Info: Redefining german shorthand "f
(babel)             in language  on input line 115.
Package babel Info: Redefining german shorthand "|
(babel)             in language  on input line 115.
Package babel Info: Redefining german shorthand "~
(babel)             in language  on input line 115.
Package babel Info: Redefining german shorthand "f
(babel)             in language  on input line 115.
Package babel Info: Redefining german shorthand "|
(babel)             in language  on input line 115.
Package babel Info: Redefining german shorthand "~
(babel)             in language  on input line 115.
 [13]
Package babel Info: Redefining german shorthand "f
(babel)             in language  on input line 116.
Package babel Info: Redefining german shorthand "|
(babel)             in language  on input line 116.
Package babel Info: Redefining german shorthand "~
(babel)             in language  on input line 116.
Package babel Info: Redefining german shorthand "f
(babel)             in language  on input line 120.
Package babel Info: Redefining german shorthand "|
(babel)             in language  on input line 120.
Package babel Info: Redefining german shorthand "~
(babel)             in language  on input line 120.
Package babel Info: Redefining german shorthand "f
(babel)             in language  on input line 123.
Package babel Info: Redefining german shorthand "|
(babel)             in language  on input line 123.
Package babel Info: Redefining german shorthand "~
(babel)             in language  on input line 123.
Package babel Info: Redefining german shorthand "f
(babel)             in language  on input line 123.
Package babel Info: Redefining german shorthand "|
(babel)             in language  on input line 123.
Package babel Info: Redefining german shorthand "~
(babel)             in language  on input line 123.
 [14]
Package babel Info: Redefining german shorthand "f
(babel)             in language  on input line 127.
Package babel Info: Redefining german shorthand "|
(babel)             in language  on input line 127.
Package babel Info: Redefining german shorthand "~
(babel)             in language  on input line 127.
 (./Motivation.bbl
Package babel Info: Redefining german shorthand "f
(babel)             in language  on input line 1.
Package babel Info: Redefining german shorthand "|
(babel)             in language  on input line 1.
Package babel Info: Redefining german shorthand "~
(babel)             in language  on input line 1.
Package babel Info: Redefining german shorthand "f
(babel)             in language  on input line 1.
Package babel Info: Redefining german shorthand "|
(babel)             in language  on input line 1.
Package babel Info: Redefining german shorthand "~
(babel)             in language  on input line 1.
 [15]
Package babel Info: Redefining german shorthand "f
(babel)             in language  on input line 42.
Package babel Info: Redefining german shorthand "|
(babel)             in language  on input line 42.
Package babel Info: Redefining german shorthand "~
(babel)             in language  on input line 42.
Package babel Info: Redefining german shorthand "f
(babel)             in language  on input line 42.
Package babel Info: Redefining german shorthand "|
(babel)             in language  on input line 42.
Package babel Info: Redefining german shorthand "~
(babel)             in language  on input line 42.
 [16

])
Package atveryend Info: Empty hook `BeforeClearDocument' on input line 132.
Package babel Info: Redefining german shorthand "f
(babel)             in language  on input line 132.
Package babel Info: Redefining german shorthand "|
(babel)             in language  on input line 132.
Package babel Info: Redefining german shorthand "~
(babel)             in language  on input line 132.
Package babel Info: Redefining german shorthand "f
(babel)             in language  on input line 132.
Package babel Info: Redefining german shorthand "|
(babel)             in language  on input line 132.
Package babel Info: Redefining german shorthand "~
(babel)             in language  on input line 132.
 [17]
Package atveryend Info: Empty hook `AfterLastShipout' on input line 132.
 (./Motivation.aux)
Package atveryend Info: Executing hook `AtVeryEndDocument' on input line 132.
Package atveryend Info: Executing hook `AtEndAfterFileList' on input line 132.
Package rerunfilecheck Info: File `Motivation.out' has not changed.
(rerunfilecheck)             Checksum: 225387EE4BD2094FD013BD77EC216876;811.
Package atveryend Info: Empty hook `AtVeryVeryEnd' on input line 132.
 ) 
Here is how much of TeX's memory you used:
 9666 strings out of 492649
 153984 string characters out of 6129622
 358991 words of memory out of 5000000
 13382 multiletter control sequences out of 15000+600000
 20978 words of font info for 54 fonts, out of 8000000 for 9000
 1142 hyphenation exceptions out of 8191
 42i,10n,66p,9116b,477s stack positions out of 5000i,500n,10000p,200000b,80000s
{/usr/local/texlive/2018/texmf-dist/fonts/enc/dvips/cm-super/cm-super-t1.enc}
</usr/local/texlive/2018/texmf-dist/fonts/type1/public/amsfonts/cm/cmsy10.pfb><
/usr/local/texlive/2018/texmf-dist/fonts/type1/public/cm-super/sfbx1728.pfb></u
sr/local/texlive/2018/texmf-dist/fonts/type1/public/cm-super/sfrm1095.pfb></usr
/local/texlive/2018/texmf-dist/fonts/type1/public/cm-super/sfrm1200.pfb></usr/l
ocal/texlive/2018/texmf-dist/fonts/type1/public/cm-super/sfrm1440.pfb></usr/loc
al/texlive/2018/texmf-dist/fonts/type1/public/cm-super/sfrm1728.pfb></usr/local
/texlive/2018/texmf-dist/fonts/type1/public/cm-super/sfsl1200.pfb></usr/local/t
exlive/2018/texmf-dist/fonts/type1/public/cm-super/sfsx1200.pfb></usr/local/tex
live/2018/texmf-dist/fonts/type1/public/cm-super/sfsx1440.pfb></usr/local/texli
ve/2018/texmf-dist/fonts/type1/public/cm-super/sfsx1728.pfb></usr/local/texlive
/2018/texmf-dist/fonts/type1/public/cm-super/sfsx2488.pfb></usr/local/texlive/2
018/texmf-dist/fonts/type1/public/cm-super/sfti1728.pfb>
Output written on Motivation.pdf (17 pages, 212962 bytes).
PDF statistics:
 237 PDF objects out of 1000 (max. 8388607)
 203 compressed objects within 3 object streams
 42 named destinations out of 1000 (max. 500000)
 113 words of extra memory for PDF output out of 10000 (max. 10000000)

